
*** Running vivado
    with args -log Top_Student.vds -m64 -product Vivado -mode batch -messageDb vivado.pb -notrace -source Top_Student.tcl


****** Vivado v2018.2 (64-bit)
  **** SW Build 2258646 on Thu Jun 14 20:03:12 MDT 2018
  **** IP Build 2256618 on Thu Jun 14 22:10:49 MDT 2018
    ** Copyright 1986-2018 Xilinx, Inc. All Rights Reserved.

source Top_Student.tcl -notrace
Command: synth_design -top Top_Student -part xc7a35tcpg236-1
Starting synth_design
Attempting to get a license for feature 'Synthesis' and/or device 'xc7a35t'
INFO: [Common 17-349] Got license for feature 'Synthesis' and/or device 'xc7a35t'
INFO: Launching helper process for spawning children vivado processes
INFO: Helper process launched with PID 21256 
---------------------------------------------------------------------------------
Starting RTL Elaboration : Time (s): cpu = 00:00:02 ; elapsed = 00:00:02 . Memory (MB): peak = 360.141 ; gain = 103.199
---------------------------------------------------------------------------------
INFO: [Synth 8-6157] synthesizing module 'Top_Student' [C:/Users/Adam/Downloads/SoundDisplay.xpr/SoundDisplay/SoundDisplay.srcs/sources_1/new/Top_Student.v:18]
INFO: [Synth 8-6157] synthesizing module 'sample_clock_divider' [C:/Users/Adam/Downloads/SoundDisplay.xpr/SoundDisplay/SoundDisplay.srcs/sources_1/new/sample_clock_divider.v:23]
INFO: [Synth 8-6155] done synthesizing module 'sample_clock_divider' (1#1) [C:/Users/Adam/Downloads/SoundDisplay.xpr/SoundDisplay/SoundDisplay.srcs/sources_1/new/sample_clock_divider.v:23]
INFO: [Synth 8-6157] synthesizing module 'oled_clock_divider' [C:/Users/Adam/Downloads/SoundDisplay.xpr/SoundDisplay/SoundDisplay.srcs/sources_1/new/oled_clock_divider.v:23]
INFO: [Synth 8-6155] done synthesizing module 'oled_clock_divider' (2#1) [C:/Users/Adam/Downloads/SoundDisplay.xpr/SoundDisplay/SoundDisplay.srcs/sources_1/new/oled_clock_divider.v:23]
INFO: [Synth 8-6157] synthesizing module 'debouncing_clock_divider' [C:/Users/Adam/Downloads/SoundDisplay.xpr/SoundDisplay/SoundDisplay.srcs/sources_1/new/debouncing_clock_divider.v:23]
INFO: [Synth 8-6155] done synthesizing module 'debouncing_clock_divider' (3#1) [C:/Users/Adam/Downloads/SoundDisplay.xpr/SoundDisplay/SoundDisplay.srcs/sources_1/new/debouncing_clock_divider.v:23]
INFO: [Synth 8-6157] synthesizing module 'clock_divider' [C:/Users/Adam/Downloads/SoundDisplay.xpr/SoundDisplay/SoundDisplay.srcs/sources_1/new/clock_divider.v:23]
INFO: [Synth 8-6155] done synthesizing module 'clock_divider' (4#1) [C:/Users/Adam/Downloads/SoundDisplay.xpr/SoundDisplay/SoundDisplay.srcs/sources_1/new/clock_divider.v:23]
INFO: [Synth 8-6157] synthesizing module 'Audio_Capture' [C:/Users/Adam/Downloads/SoundDisplay.xpr/SoundDisplay/SoundDisplay.srcs/sources_1/new/Audio_Capture.v:25]
INFO: [Synth 8-6155] done synthesizing module 'Audio_Capture' (5#1) [C:/Users/Adam/Downloads/SoundDisplay.xpr/SoundDisplay/SoundDisplay.srcs/sources_1/new/Audio_Capture.v:25]
INFO: [Synth 8-6157] synthesizing module 'single_pulse_output' [C:/Users/Adam/Downloads/SoundDisplay.xpr/SoundDisplay/SoundDisplay.srcs/sources_1/new/single_pulse_output.v:23]
INFO: [Synth 8-6157] synthesizing module 'my_dff' [C:/Users/Adam/Downloads/SoundDisplay.xpr/SoundDisplay/SoundDisplay.srcs/sources_1/new/single_pulse_output.v:33]
INFO: [Synth 8-6155] done synthesizing module 'my_dff' (6#1) [C:/Users/Adam/Downloads/SoundDisplay.xpr/SoundDisplay/SoundDisplay.srcs/sources_1/new/single_pulse_output.v:33]
INFO: [Synth 8-6155] done synthesizing module 'single_pulse_output' (7#1) [C:/Users/Adam/Downloads/SoundDisplay.xpr/SoundDisplay/SoundDisplay.srcs/sources_1/new/single_pulse_output.v:23]
INFO: [Synth 8-6157] synthesizing module 'Oled_Display' [C:/Users/Adam/Downloads/SoundDisplay.xpr/SoundDisplay/SoundDisplay.srcs/sources_1/new/Oled_Display.v:36]
	Parameter Width bound to: 96 - type: integer 
	Parameter Height bound to: 64 - type: integer 
	Parameter PixelCount bound to: 6144 - type: integer 
	Parameter PixelCountWidth bound to: 13 - type: integer 
	Parameter ClkFreq bound to: 6250000 - type: integer 
	Parameter FrameFreq bound to: 60 - type: integer 
	Parameter FrameDiv bound to: 104166 - type: integer 
	Parameter FrameDivWidth bound to: 17 - type: integer 
	Parameter PowerDelay bound to: 20 - type: integer 
	Parameter ResetDelay bound to: 3 - type: integer 
	Parameter VccEnDelay bound to: 20 - type: integer 
	Parameter StartupCompleteDelay bound to: 100 - type: integer 
	Parameter MaxDelay bound to: 100 - type: integer 
	Parameter MaxDelayCount bound to: 625000 - type: integer 
	Parameter StateCount bound to: 32 - type: integer 
	Parameter StateWidth bound to: 5 - type: integer 
	Parameter PowerUp bound to: 5'b00000 
	Parameter Reset bound to: 5'b00001 
	Parameter ReleaseReset bound to: 5'b00011 
	Parameter EnableDriver bound to: 5'b00010 
	Parameter DisplayOff bound to: 5'b00110 
	Parameter SetRemapDisplayFormat bound to: 5'b00111 
	Parameter SetStartLine bound to: 5'b00101 
	Parameter SetOffset bound to: 5'b00100 
	Parameter SetNormalDisplay bound to: 5'b01100 
	Parameter SetMultiplexRatio bound to: 5'b01101 
	Parameter SetMasterConfiguration bound to: 5'b01111 
	Parameter DisablePowerSave bound to: 5'b01110 
	Parameter SetPhaseAdjust bound to: 5'b01010 
	Parameter SetDisplayClock bound to: 5'b01011 
	Parameter SetSecondPrechargeA bound to: 5'b01001 
	Parameter SetSecondPrechargeB bound to: 5'b01000 
	Parameter SetSecondPrechargeC bound to: 5'b11000 
	Parameter SetPrechargeLevel bound to: 5'b11001 
	Parameter SetVCOMH bound to: 5'b11011 
	Parameter SetMasterCurrent bound to: 5'b11010 
	Parameter SetContrastA bound to: 5'b11110 
	Parameter SetContrastB bound to: 5'b11111 
	Parameter SetContrastC bound to: 5'b11101 
	Parameter DisableScrolling bound to: 5'b11100 
	Parameter ClearScreen bound to: 5'b10100 
	Parameter VccEn bound to: 5'b10101 
	Parameter DisplayOn bound to: 5'b10111 
	Parameter PrepareNextFrame bound to: 5'b10110 
	Parameter SetColAddress bound to: 5'b10010 
	Parameter SetRowAddress bound to: 5'b10011 
	Parameter WaitNextFrame bound to: 5'b10001 
	Parameter SendPixel bound to: 5'b10000 
	Parameter SpiCommandMaxWidth bound to: 40 - type: integer 
	Parameter SpiCommandBitCountWidth bound to: 6 - type: integer 
INFO: [Synth 8-226] default block is never used [C:/Users/Adam/Downloads/SoundDisplay.xpr/SoundDisplay/SoundDisplay.srcs/sources_1/new/Oled_Display.v:124]
INFO: [Synth 8-226] default block is never used [C:/Users/Adam/Downloads/SoundDisplay.xpr/SoundDisplay/SoundDisplay.srcs/sources_1/new/Oled_Display.v:201]
WARNING: [Synth 8-693] zero replication count - replication ignored [C:/Users/Adam/Downloads/SoundDisplay.xpr/SoundDisplay/SoundDisplay.srcs/sources_1/new/Oled_Display.v:349]
INFO: [Synth 8-6155] done synthesizing module 'Oled_Display' (8#1) [C:/Users/Adam/Downloads/SoundDisplay.xpr/SoundDisplay/SoundDisplay.srcs/sources_1/new/Oled_Display.v:36]
WARNING: [Synth 8-350] instance 'display' of module 'Oled_Display' requires 15 connections, but only 14 given [C:/Users/Adam/Downloads/SoundDisplay.xpr/SoundDisplay/SoundDisplay.srcs/sources_1/new/Top_Student.v:73]
INFO: [Synth 8-155] case statement is not full and has no default [C:/Users/Adam/Downloads/SoundDisplay.xpr/SoundDisplay/SoundDisplay.srcs/sources_1/new/Top_Student.v:209]
INFO: [Synth 8-155] case statement is not full and has no default [C:/Users/Adam/Downloads/SoundDisplay.xpr/SoundDisplay/SoundDisplay.srcs/sources_1/new/Top_Student.v:2726]
INFO: [Synth 8-155] case statement is not full and has no default [C:/Users/Adam/Downloads/SoundDisplay.xpr/SoundDisplay/SoundDisplay.srcs/sources_1/new/Top_Student.v:3166]
INFO: [Synth 8-155] case statement is not full and has no default [C:/Users/Adam/Downloads/SoundDisplay.xpr/SoundDisplay/SoundDisplay.srcs/sources_1/new/Top_Student.v:3177]
INFO: [Synth 8-155] case statement is not full and has no default [C:/Users/Adam/Downloads/SoundDisplay.xpr/SoundDisplay/SoundDisplay.srcs/sources_1/new/Top_Student.v:3189]
INFO: [Synth 8-155] case statement is not full and has no default [C:/Users/Adam/Downloads/SoundDisplay.xpr/SoundDisplay/SoundDisplay.srcs/sources_1/new/Top_Student.v:3174]
INFO: [Synth 8-155] case statement is not full and has no default [C:/Users/Adam/Downloads/SoundDisplay.xpr/SoundDisplay/SoundDisplay.srcs/sources_1/new/Top_Student.v:3206]
INFO: [Synth 8-155] case statement is not full and has no default [C:/Users/Adam/Downloads/SoundDisplay.xpr/SoundDisplay/SoundDisplay.srcs/sources_1/new/Top_Student.v:3218]
INFO: [Synth 8-155] case statement is not full and has no default [C:/Users/Adam/Downloads/SoundDisplay.xpr/SoundDisplay/SoundDisplay.srcs/sources_1/new/Top_Student.v:3232]
INFO: [Synth 8-155] case statement is not full and has no default [C:/Users/Adam/Downloads/SoundDisplay.xpr/SoundDisplay/SoundDisplay.srcs/sources_1/new/Top_Student.v:3244]
INFO: [Synth 8-155] case statement is not full and has no default [C:/Users/Adam/Downloads/SoundDisplay.xpr/SoundDisplay/SoundDisplay.srcs/sources_1/new/Top_Student.v:3258]
INFO: [Synth 8-155] case statement is not full and has no default [C:/Users/Adam/Downloads/SoundDisplay.xpr/SoundDisplay/SoundDisplay.srcs/sources_1/new/Top_Student.v:3270]
INFO: [Synth 8-155] case statement is not full and has no default [C:/Users/Adam/Downloads/SoundDisplay.xpr/SoundDisplay/SoundDisplay.srcs/sources_1/new/Top_Student.v:3284]
INFO: [Synth 8-155] case statement is not full and has no default [C:/Users/Adam/Downloads/SoundDisplay.xpr/SoundDisplay/SoundDisplay.srcs/sources_1/new/Top_Student.v:3296]
INFO: [Synth 8-155] case statement is not full and has no default [C:/Users/Adam/Downloads/SoundDisplay.xpr/SoundDisplay/SoundDisplay.srcs/sources_1/new/Top_Student.v:3310]
INFO: [Synth 8-155] case statement is not full and has no default [C:/Users/Adam/Downloads/SoundDisplay.xpr/SoundDisplay/SoundDisplay.srcs/sources_1/new/Top_Student.v:3322]
INFO: [Synth 8-155] case statement is not full and has no default [C:/Users/Adam/Downloads/SoundDisplay.xpr/SoundDisplay/SoundDisplay.srcs/sources_1/new/Top_Student.v:3336]
INFO: [Synth 8-155] case statement is not full and has no default [C:/Users/Adam/Downloads/SoundDisplay.xpr/SoundDisplay/SoundDisplay.srcs/sources_1/new/Top_Student.v:3348]
INFO: [Synth 8-155] case statement is not full and has no default [C:/Users/Adam/Downloads/SoundDisplay.xpr/SoundDisplay/SoundDisplay.srcs/sources_1/new/Top_Student.v:3362]
INFO: [Synth 8-155] case statement is not full and has no default [C:/Users/Adam/Downloads/SoundDisplay.xpr/SoundDisplay/SoundDisplay.srcs/sources_1/new/Top_Student.v:3372]
INFO: [Synth 8-155] case statement is not full and has no default [C:/Users/Adam/Downloads/SoundDisplay.xpr/SoundDisplay/SoundDisplay.srcs/sources_1/new/Top_Student.v:3384]
INFO: [Synth 8-155] case statement is not full and has no default [C:/Users/Adam/Downloads/SoundDisplay.xpr/SoundDisplay/SoundDisplay.srcs/sources_1/new/Top_Student.v:3394]
INFO: [Synth 8-155] case statement is not full and has no default [C:/Users/Adam/Downloads/SoundDisplay.xpr/SoundDisplay/SoundDisplay.srcs/sources_1/new/Top_Student.v:3408]
INFO: [Synth 8-155] case statement is not full and has no default [C:/Users/Adam/Downloads/SoundDisplay.xpr/SoundDisplay/SoundDisplay.srcs/sources_1/new/Top_Student.v:3418]
INFO: [Synth 8-155] case statement is not full and has no default [C:/Users/Adam/Downloads/SoundDisplay.xpr/SoundDisplay/SoundDisplay.srcs/sources_1/new/Top_Student.v:3430]
INFO: [Synth 8-155] case statement is not full and has no default [C:/Users/Adam/Downloads/SoundDisplay.xpr/SoundDisplay/SoundDisplay.srcs/sources_1/new/Top_Student.v:3440]
INFO: [Synth 8-155] case statement is not full and has no default [C:/Users/Adam/Downloads/SoundDisplay.xpr/SoundDisplay/SoundDisplay.srcs/sources_1/new/Top_Student.v:3454]
INFO: [Synth 8-155] case statement is not full and has no default [C:/Users/Adam/Downloads/SoundDisplay.xpr/SoundDisplay/SoundDisplay.srcs/sources_1/new/Top_Student.v:3464]
INFO: [Synth 8-155] case statement is not full and has no default [C:/Users/Adam/Downloads/SoundDisplay.xpr/SoundDisplay/SoundDisplay.srcs/sources_1/new/Top_Student.v:3476]
INFO: [Synth 8-155] case statement is not full and has no default [C:/Users/Adam/Downloads/SoundDisplay.xpr/SoundDisplay/SoundDisplay.srcs/sources_1/new/Top_Student.v:3486]
INFO: [Synth 8-155] case statement is not full and has no default [C:/Users/Adam/Downloads/SoundDisplay.xpr/SoundDisplay/SoundDisplay.srcs/sources_1/new/Top_Student.v:3500]
INFO: [Synth 8-155] case statement is not full and has no default [C:/Users/Adam/Downloads/SoundDisplay.xpr/SoundDisplay/SoundDisplay.srcs/sources_1/new/Top_Student.v:3510]
INFO: [Synth 8-155] case statement is not full and has no default [C:/Users/Adam/Downloads/SoundDisplay.xpr/SoundDisplay/SoundDisplay.srcs/sources_1/new/Top_Student.v:3522]
INFO: [Synth 8-155] case statement is not full and has no default [C:/Users/Adam/Downloads/SoundDisplay.xpr/SoundDisplay/SoundDisplay.srcs/sources_1/new/Top_Student.v:3532]
INFO: [Synth 8-155] case statement is not full and has no default [C:/Users/Adam/Downloads/SoundDisplay.xpr/SoundDisplay/SoundDisplay.srcs/sources_1/new/Top_Student.v:3546]
INFO: [Synth 8-155] case statement is not full and has no default [C:/Users/Adam/Downloads/SoundDisplay.xpr/SoundDisplay/SoundDisplay.srcs/sources_1/new/Top_Student.v:3556]
INFO: [Synth 8-155] case statement is not full and has no default [C:/Users/Adam/Downloads/SoundDisplay.xpr/SoundDisplay/SoundDisplay.srcs/sources_1/new/Top_Student.v:3568]
INFO: [Synth 8-155] case statement is not full and has no default [C:/Users/Adam/Downloads/SoundDisplay.xpr/SoundDisplay/SoundDisplay.srcs/sources_1/new/Top_Student.v:3578]
INFO: [Synth 8-155] case statement is not full and has no default [C:/Users/Adam/Downloads/SoundDisplay.xpr/SoundDisplay/SoundDisplay.srcs/sources_1/new/Top_Student.v:3592]
INFO: [Synth 8-155] case statement is not full and has no default [C:/Users/Adam/Downloads/SoundDisplay.xpr/SoundDisplay/SoundDisplay.srcs/sources_1/new/Top_Student.v:3602]
INFO: [Synth 8-155] case statement is not full and has no default [C:/Users/Adam/Downloads/SoundDisplay.xpr/SoundDisplay/SoundDisplay.srcs/sources_1/new/Top_Student.v:3612]
INFO: [Synth 8-155] case statement is not full and has no default [C:/Users/Adam/Downloads/SoundDisplay.xpr/SoundDisplay/SoundDisplay.srcs/sources_1/new/Top_Student.v:3624]
INFO: [Synth 8-155] case statement is not full and has no default [C:/Users/Adam/Downloads/SoundDisplay.xpr/SoundDisplay/SoundDisplay.srcs/sources_1/new/Top_Student.v:3634]
INFO: [Synth 8-155] case statement is not full and has no default [C:/Users/Adam/Downloads/SoundDisplay.xpr/SoundDisplay/SoundDisplay.srcs/sources_1/new/Top_Student.v:3644]
INFO: [Synth 8-155] case statement is not full and has no default [C:/Users/Adam/Downloads/SoundDisplay.xpr/SoundDisplay/SoundDisplay.srcs/sources_1/new/Top_Student.v:3658]
INFO: [Synth 8-155] case statement is not full and has no default [C:/Users/Adam/Downloads/SoundDisplay.xpr/SoundDisplay/SoundDisplay.srcs/sources_1/new/Top_Student.v:3668]
INFO: [Synth 8-155] case statement is not full and has no default [C:/Users/Adam/Downloads/SoundDisplay.xpr/SoundDisplay/SoundDisplay.srcs/sources_1/new/Top_Student.v:3678]
INFO: [Synth 8-155] case statement is not full and has no default [C:/Users/Adam/Downloads/SoundDisplay.xpr/SoundDisplay/SoundDisplay.srcs/sources_1/new/Top_Student.v:3690]
INFO: [Synth 8-155] case statement is not full and has no default [C:/Users/Adam/Downloads/SoundDisplay.xpr/SoundDisplay/SoundDisplay.srcs/sources_1/new/Top_Student.v:3700]
INFO: [Synth 8-155] case statement is not full and has no default [C:/Users/Adam/Downloads/SoundDisplay.xpr/SoundDisplay/SoundDisplay.srcs/sources_1/new/Top_Student.v:3710]
INFO: [Synth 8-155] case statement is not full and has no default [C:/Users/Adam/Downloads/SoundDisplay.xpr/SoundDisplay/SoundDisplay.srcs/sources_1/new/Top_Student.v:3724]
INFO: [Synth 8-155] case statement is not full and has no default [C:/Users/Adam/Downloads/SoundDisplay.xpr/SoundDisplay/SoundDisplay.srcs/sources_1/new/Top_Student.v:3734]
INFO: [Synth 8-155] case statement is not full and has no default [C:/Users/Adam/Downloads/SoundDisplay.xpr/SoundDisplay/SoundDisplay.srcs/sources_1/new/Top_Student.v:3744]
INFO: [Synth 8-155] case statement is not full and has no default [C:/Users/Adam/Downloads/SoundDisplay.xpr/SoundDisplay/SoundDisplay.srcs/sources_1/new/Top_Student.v:3756]
INFO: [Synth 8-155] case statement is not full and has no default [C:/Users/Adam/Downloads/SoundDisplay.xpr/SoundDisplay/SoundDisplay.srcs/sources_1/new/Top_Student.v:3766]
INFO: [Synth 8-155] case statement is not full and has no default [C:/Users/Adam/Downloads/SoundDisplay.xpr/SoundDisplay/SoundDisplay.srcs/sources_1/new/Top_Student.v:3776]
INFO: [Synth 8-155] case statement is not full and has no default [C:/Users/Adam/Downloads/SoundDisplay.xpr/SoundDisplay/SoundDisplay.srcs/sources_1/new/Top_Student.v:3790]
INFO: [Synth 8-155] case statement is not full and has no default [C:/Users/Adam/Downloads/SoundDisplay.xpr/SoundDisplay/SoundDisplay.srcs/sources_1/new/Top_Student.v:3800]
INFO: [Synth 8-155] case statement is not full and has no default [C:/Users/Adam/Downloads/SoundDisplay.xpr/SoundDisplay/SoundDisplay.srcs/sources_1/new/Top_Student.v:3810]
INFO: [Synth 8-155] case statement is not full and has no default [C:/Users/Adam/Downloads/SoundDisplay.xpr/SoundDisplay/SoundDisplay.srcs/sources_1/new/Top_Student.v:3822]
INFO: [Synth 8-155] case statement is not full and has no default [C:/Users/Adam/Downloads/SoundDisplay.xpr/SoundDisplay/SoundDisplay.srcs/sources_1/new/Top_Student.v:3832]
INFO: [Synth 8-155] case statement is not full and has no default [C:/Users/Adam/Downloads/SoundDisplay.xpr/SoundDisplay/SoundDisplay.srcs/sources_1/new/Top_Student.v:3842]
INFO: [Synth 8-155] case statement is not full and has no default [C:/Users/Adam/Downloads/SoundDisplay.xpr/SoundDisplay/SoundDisplay.srcs/sources_1/new/Top_Student.v:3856]
INFO: [Synth 8-155] case statement is not full and has no default [C:/Users/Adam/Downloads/SoundDisplay.xpr/SoundDisplay/SoundDisplay.srcs/sources_1/new/Top_Student.v:3866]
INFO: [Synth 8-155] case statement is not full and has no default [C:/Users/Adam/Downloads/SoundDisplay.xpr/SoundDisplay/SoundDisplay.srcs/sources_1/new/Top_Student.v:3876]
INFO: [Synth 8-155] case statement is not full and has no default [C:/Users/Adam/Downloads/SoundDisplay.xpr/SoundDisplay/SoundDisplay.srcs/sources_1/new/Top_Student.v:3888]
INFO: [Synth 8-155] case statement is not full and has no default [C:/Users/Adam/Downloads/SoundDisplay.xpr/SoundDisplay/SoundDisplay.srcs/sources_1/new/Top_Student.v:3898]
INFO: [Synth 8-155] case statement is not full and has no default [C:/Users/Adam/Downloads/SoundDisplay.xpr/SoundDisplay/SoundDisplay.srcs/sources_1/new/Top_Student.v:3908]
INFO: [Synth 8-155] case statement is not full and has no default [C:/Users/Adam/Downloads/SoundDisplay.xpr/SoundDisplay/SoundDisplay.srcs/sources_1/new/Top_Student.v:3202]
INFO: [Synth 8-155] case statement is not full and has no default [C:/Users/Adam/Downloads/SoundDisplay.xpr/SoundDisplay/SoundDisplay.srcs/sources_1/new/Top_Student.v:3200]
WARNING: [Synth 8-6014] Unused sequential element gameStart_reg was removed.  [C:/Users/Adam/Downloads/SoundDisplay.xpr/SoundDisplay/SoundDisplay.srcs/sources_1/new/Top_Student.v:807]
INFO: [Synth 8-6155] done synthesizing module 'Top_Student' (9#1) [C:/Users/Adam/Downloads/SoundDisplay.xpr/SoundDisplay/SoundDisplay.srcs/sources_1/new/Top_Student.v:18]
WARNING: [Synth 8-3331] design Top_Student has unconnected port JC[2]
WARNING: [Synth 8-3331] design Top_Student has unconnected port sw[10]
WARNING: [Synth 8-3331] design Top_Student has unconnected port sw[9]
WARNING: [Synth 8-3331] design Top_Student has unconnected port sw[8]
WARNING: [Synth 8-3331] design Top_Student has unconnected port sw[7]
WARNING: [Synth 8-3331] design Top_Student has unconnected port sw[6]
---------------------------------------------------------------------------------
Finished RTL Elaboration : Time (s): cpu = 00:00:09 ; elapsed = 00:00:08 . Memory (MB): peak = 516.910 ; gain = 259.969
---------------------------------------------------------------------------------

Report Check Netlist: 
+------+------------------+-------+---------+-------+------------------+
|      |Item              |Errors |Warnings |Status |Description       |
+------+------------------+-------+---------+-------+------------------+
|1     |multi_driven_nets |      0|        0|Passed |Multi driven nets |
+------+------------------+-------+---------+-------+------------------+
---------------------------------------------------------------------------------
Start Handling Custom Attributes
---------------------------------------------------------------------------------
---------------------------------------------------------------------------------
Finished Handling Custom Attributes : Time (s): cpu = 00:00:10 ; elapsed = 00:00:09 . Memory (MB): peak = 516.910 ; gain = 259.969
---------------------------------------------------------------------------------
---------------------------------------------------------------------------------
Finished RTL Optimization Phase 1 : Time (s): cpu = 00:00:10 ; elapsed = 00:00:09 . Memory (MB): peak = 516.910 ; gain = 259.969
---------------------------------------------------------------------------------
INFO: [Device 21-403] Loading part xc7a35tcpg236-1
INFO: [Project 1-570] Preparing netlist for logic optimization

Processing XDC Constraints
Initializing timing engine
Parsing XDC File [C:/Users/Adam/Downloads/SoundDisplay.xpr/SoundDisplay/SoundDisplay.srcs/constrs_1/new/Basys3_Master.xdc]
Finished Parsing XDC File [C:/Users/Adam/Downloads/SoundDisplay.xpr/SoundDisplay/SoundDisplay.srcs/constrs_1/new/Basys3_Master.xdc]
INFO: [Project 1-236] Implementation specific constraints were found while reading constraint file [C:/Users/Adam/Downloads/SoundDisplay.xpr/SoundDisplay/SoundDisplay.srcs/constrs_1/new/Basys3_Master.xdc]. These constraints will be ignored for synthesis but will be used in implementation. Impacted constraints are listed in the file [.Xil/Top_Student_propImpl.xdc].
Resolution: To avoid this warning, move constraints listed in [.Xil/Top_Student_propImpl.xdc] to another XDC file and exclude this new file from synthesis with the used_in_synthesis property (File Properties dialog in GUI) and re-run elaboration/synthesis.
Completed Processing XDC Constraints

INFO: [Project 1-111] Unisim Transformation Summary:
No Unisim elements were transformed.

Constraint Validation Runtime : Time (s): cpu = 00:00:00 ; elapsed = 00:00:00.009 . Memory (MB): peak = 869.258 ; gain = 0.000
---------------------------------------------------------------------------------
Finished Constraint Validation : Time (s): cpu = 00:00:20 ; elapsed = 00:00:21 . Memory (MB): peak = 869.258 ; gain = 612.316
---------------------------------------------------------------------------------
---------------------------------------------------------------------------------
Start Loading Part and Timing Information
---------------------------------------------------------------------------------
Loading part: xc7a35tcpg236-1
---------------------------------------------------------------------------------
Finished Loading Part and Timing Information : Time (s): cpu = 00:00:20 ; elapsed = 00:00:21 . Memory (MB): peak = 869.258 ; gain = 612.316
---------------------------------------------------------------------------------
---------------------------------------------------------------------------------
Start Applying 'set_property' XDC Constraints
---------------------------------------------------------------------------------
---------------------------------------------------------------------------------
Finished applying 'set_property' XDC Constraints : Time (s): cpu = 00:00:20 ; elapsed = 00:00:21 . Memory (MB): peak = 869.258 ; gain = 612.316
---------------------------------------------------------------------------------
INFO: [Synth 8-5546] ROM "desired_CLK0" won't be mapped to RAM because it is too sparse
INFO: [Synth 8-5544] ROM "desired_CLK0" won't be mapped to Block RAM because address size (3) smaller than threshold (5)
INFO: [Synth 8-5546] ROM "desired_CLK0" won't be mapped to RAM because it is too sparse
INFO: [Synth 8-5545] ROM "desired_CLK0" won't be mapped to RAM because address size (32) is larger than maximum supported(25)
INFO: [Synth 8-802] inferred FSM for state register 'state_reg' in module 'Oled_Display'
INFO: [Synth 8-5546] ROM "fsm_next_state0" won't be mapped to RAM because it is too sparse
INFO: [Synth 8-5544] ROM "fsm_next_state0" won't be mapped to Block RAM because address size (1) smaller than threshold (5)
INFO: [Synth 8-5546] ROM "fsm_next_state0" won't be mapped to RAM because it is too sparse
INFO: [Synth 8-5545] ROM "seg" won't be mapped to RAM because address size (32) is larger than maximum supported(25)
INFO: [Synth 8-5546] ROM "dead" won't be mapped to RAM because it is too sparse
INFO: [Synth 8-5545] ROM "seg" won't be mapped to RAM because address size (32) is larger than maximum supported(25)
INFO: [Synth 8-5546] ROM "dead" won't be mapped to RAM because it is too sparse
INFO: [Synth 8-5544] ROM "led" won't be mapped to Block RAM because address size (1) smaller than threshold (5)
INFO: [Synth 8-5544] ROM "AN" won't be mapped to Block RAM because address size (1) smaller than threshold (5)
INFO: [Synth 8-5544] ROM "oled_data" won't be mapped to Block RAM because address size (1) smaller than threshold (5)
INFO: [Synth 8-5544] ROM "oled_data" won't be mapped to Block RAM because address size (1) smaller than threshold (5)
INFO: [Synth 8-5544] ROM "oled_data" won't be mapped to Block RAM because address size (1) smaller than threshold (5)
INFO: [Synth 8-5544] ROM "oled_data" won't be mapped to Block RAM because address size (1) smaller than threshold (5)
INFO: [Synth 8-5544] ROM "oled_data" won't be mapped to Block RAM because address size (1) smaller than threshold (5)
INFO: [Synth 8-5544] ROM "display_mode0" won't be mapped to Block RAM because address size (1) smaller than threshold (5)
INFO: [Synth 8-5544] ROM "display_border0" won't be mapped to Block RAM because address size (1) smaller than threshold (5)
INFO: [Synth 8-5544] ROM "display_scheme0" won't be mapped to Block RAM because address size (1) smaller than threshold (5)
INFO: [Synth 8-5544] ROM "oled_data" won't be mapped to Block RAM because address size (2) smaller than threshold (5)
INFO: [Synth 8-5544] ROM "oled_data" won't be mapped to Block RAM because address size (1) smaller than threshold (5)
INFO: [Synth 8-5544] ROM "outer_laser_colour" won't be mapped to Block RAM because address size (1) smaller than threshold (5)
INFO: [Synth 8-5544] ROM "mid_laser_colour" won't be mapped to Block RAM because address size (1) smaller than threshold (5)
INFO: [Synth 8-5544] ROM "inner_laser_colour" won't be mapped to Block RAM because address size (1) smaller than threshold (5)
---------------------------------------------------------------------------------------------------
                   State |                     New Encoding |                Previous Encoding 
---------------------------------------------------------------------------------------------------
                 PowerUp | 00000000100000000000000000000000 |                            00000
                   Reset | 00000000000100000000000000000000 |                            00001
            ReleaseReset | 00000000000000000000100000000000 |                            00011
            EnableDriver | 00000000000000000001000000000000 |                            00010
              DisplayOff | 00000000000000000100000000000000 |                            00110
   SetRemapDisplayFormat | 00000100000000000000000000000000 |                            00111
            SetStartLine | 00001000000000000000000000000000 |                            00101
               SetOffset | 10000000000000000000000000000000 |                            00100
        SetNormalDisplay | 00000000000000000000000010000000 |                            01100
       SetMultiplexRatio | 00000000000000000000000000100000 |                            01101
  SetMasterConfiguration | 00000000000000000000000001000000 |                            01111
        DisablePowerSave | 00000000000000000000000000000100 |                            01110
          SetPhaseAdjust | 00000000000000000000000000001000 |                            01010
         SetDisplayClock | 00000000001000000000000000000000 |                            01011
     SetSecondPrechargeA | 00000000010000000000000000000000 |                            01001
     SetSecondPrechargeB | 01000000000000000000000000000000 |                            01000
     SetSecondPrechargeC | 00000010000000000000000000000000 |                            11000
       SetPrechargeLevel | 00000001000000000000000000000000 |                            11001
                SetVCOMH | 00000000000000010000000000000000 |                            11011
        SetMasterCurrent | 00000000000000100000000000000000 |                            11010
            SetContrastA | 00000000000001000000000000000000 |                            11110
            SetContrastB | 00100000000000000000000000000000 |                            11111
            SetContrastC | 00000000000000000000000000000001 |                            11101
        DisableScrolling | 00000000000000000000000000000010 |                            11100
             ClearScreen | 00000000000000000000000000010000 |                            10100
                   VccEn | 00010000000000000000000000000000 |                            10101
               DisplayOn | 00000000000010000000000000000000 |                            10111
        PrepareNextFrame | 00000000000000001000000000000000 |                            10110
           SetColAddress | 00000000000000000000010000000000 |                            10010
           SetRowAddress | 00000000000000000000000100000000 |                            10011
           WaitNextFrame | 00000000000000000000001000000000 |                            10001
               SendPixel | 00000000000000000010000000000000 |                            10000
---------------------------------------------------------------------------------------------------
INFO: [Synth 8-3354] encoded FSM with state register 'state_reg' using encoding 'one-hot' in module 'Oled_Display'
---------------------------------------------------------------------------------
Finished RTL Optimization Phase 2 : Time (s): cpu = 00:00:31 ; elapsed = 00:00:31 . Memory (MB): peak = 869.258 ; gain = 612.316
---------------------------------------------------------------------------------

Report RTL Partitions: 
+------+-----------------+------------+----------+
|      |RTL Partition    |Replication |Instances |
+------+-----------------+------------+----------+
|1     |Top_Student__GB0 |           1|     55500|
|2     |Top_Student__GB1 |           1|     13198|
+------+-----------------+------------+----------+
---------------------------------------------------------------------------------
Start RTL Component Statistics 
---------------------------------------------------------------------------------
Detailed RTL Component Info : 
+---Adders : 
	   2 Input     32 Bit       Adders := 13    
	   2 Input     24 Bit       Adders := 1     
	   2 Input     19 Bit       Adders := 1     
	   2 Input     17 Bit       Adders := 1     
	   2 Input     12 Bit       Adders := 2     
	   2 Input     10 Bit       Adders := 1     
	   2 Input      8 Bit       Adders := 4     
	   2 Input      7 Bit       Adders := 1     
	   2 Input      6 Bit       Adders := 1     
	   2 Input      3 Bit       Adders := 2     
	   2 Input      1 Bit       Adders := 1     
+---Registers : 
	               40 Bit    Registers := 1     
	               24 Bit    Registers := 1     
	               19 Bit    Registers := 1     
	               17 Bit    Registers := 1     
	               16 Bit    Registers := 5     
	               12 Bit    Registers := 5     
	               10 Bit    Registers := 1     
	                8 Bit    Registers := 1     
	                7 Bit    Registers := 2     
	                6 Bit    Registers := 1     
	                5 Bit    Registers := 1     
	                4 Bit    Registers := 1     
	                3 Bit    Registers := 2     
	                1 Bit    Registers := 13    
+---Muxes : 
	   2 Input     40 Bit        Muxes := 3     
	  32 Input     32 Bit        Muxes := 1     
	   2 Input     32 Bit        Muxes := 2     
	   2 Input     24 Bit        Muxes := 1     
	  32 Input     20 Bit        Muxes := 1     
	   2 Input     19 Bit        Muxes := 1     
	   2 Input     17 Bit        Muxes := 1     
	   2 Input     16 Bit        Muxes := 2093  
	   4 Input     16 Bit        Muxes := 42    
	   5 Input     16 Bit        Muxes := 4     
	   3 Input     16 Bit        Muxes := 1     
	   9 Input     14 Bit        Muxes := 1     
	   2 Input     14 Bit        Muxes := 7     
	   2 Input     12 Bit        Muxes := 2     
	   2 Input      7 Bit        Muxes := 4     
	  32 Input      6 Bit        Muxes := 1     
	   2 Input      6 Bit        Muxes := 1     
	  17 Input      5 Bit        Muxes := 1     
	   2 Input      5 Bit        Muxes := 2     
	  32 Input      5 Bit        Muxes := 2     
	   3 Input      4 Bit        Muxes := 1     
	   2 Input      3 Bit        Muxes := 2     
	   3 Input      2 Bit        Muxes := 3     
	   2 Input      1 Bit        Muxes := 131   
	   4 Input      1 Bit        Muxes := 70    
	  12 Input      1 Bit        Muxes := 1     
---------------------------------------------------------------------------------
Finished RTL Component Statistics 
---------------------------------------------------------------------------------
---------------------------------------------------------------------------------
Start RTL Hierarchical Component Statistics 
---------------------------------------------------------------------------------
Hierarchical RTL Component report 
Module Top_Student 
Detailed RTL Component Info : 
+---Adders : 
	   2 Input     32 Bit       Adders := 13    
	   2 Input     24 Bit       Adders := 1     
	   2 Input     19 Bit       Adders := 1     
	   2 Input     12 Bit       Adders := 1     
	   2 Input      8 Bit       Adders := 4     
	   2 Input      7 Bit       Adders := 1     
	   2 Input      3 Bit       Adders := 1     
	   2 Input      1 Bit       Adders := 1     
+---Registers : 
	               24 Bit    Registers := 1     
	               19 Bit    Registers := 1     
	               16 Bit    Registers := 5     
	               12 Bit    Registers := 2     
	                8 Bit    Registers := 1     
	                7 Bit    Registers := 2     
	                5 Bit    Registers := 1     
	                4 Bit    Registers := 1     
	                3 Bit    Registers := 1     
	                1 Bit    Registers := 5     
+---Muxes : 
	   2 Input     24 Bit        Muxes := 1     
	   2 Input     19 Bit        Muxes := 1     
	   2 Input     16 Bit        Muxes := 2093  
	   4 Input     16 Bit        Muxes := 42    
	   5 Input     16 Bit        Muxes := 4     
	   3 Input     16 Bit        Muxes := 1     
	   9 Input     14 Bit        Muxes := 1     
	   2 Input     14 Bit        Muxes := 7     
	   2 Input     12 Bit        Muxes := 1     
	   2 Input      7 Bit        Muxes := 4     
	  17 Input      5 Bit        Muxes := 1     
	   3 Input      4 Bit        Muxes := 1     
	   2 Input      3 Bit        Muxes := 1     
	   3 Input      2 Bit        Muxes := 3     
	   2 Input      1 Bit        Muxes := 124   
	   4 Input      1 Bit        Muxes := 70    
	  12 Input      1 Bit        Muxes := 1     
Module Oled_Display 
Detailed RTL Component Info : 
+---Adders : 
	   2 Input     17 Bit       Adders := 1     
	   2 Input      6 Bit       Adders := 1     
+---Registers : 
	               40 Bit    Registers := 1     
	               17 Bit    Registers := 1     
	                6 Bit    Registers := 1     
+---Muxes : 
	   2 Input     40 Bit        Muxes := 3     
	  32 Input     32 Bit        Muxes := 1     
	   2 Input     32 Bit        Muxes := 2     
	  32 Input     20 Bit        Muxes := 1     
	   2 Input     17 Bit        Muxes := 1     
	  32 Input      6 Bit        Muxes := 1     
	   2 Input      6 Bit        Muxes := 1     
	   2 Input      5 Bit        Muxes := 2     
	  32 Input      5 Bit        Muxes := 2     
	   2 Input      1 Bit        Muxes := 2     
Module my_dff__1 
Detailed RTL Component Info : 
+---Registers : 
	                1 Bit    Registers := 1     
Module my_dff 
Detailed RTL Component Info : 
+---Registers : 
	                1 Bit    Registers := 1     
Module Audio_Capture 
Detailed RTL Component Info : 
+---Registers : 
	               12 Bit    Registers := 2     
	                1 Bit    Registers := 1     
Module clock_divider__1 
Detailed RTL Component Info : 
+---Registers : 
	                1 Bit    Registers := 1     
+---Muxes : 
	   2 Input      1 Bit        Muxes := 1     
Module clock_divider 
Detailed RTL Component Info : 
+---Registers : 
	                1 Bit    Registers := 1     
+---Muxes : 
	   2 Input      1 Bit        Muxes := 1     
Module debouncing_clock_divider 
Detailed RTL Component Info : 
+---Adders : 
	   2 Input     10 Bit       Adders := 1     
+---Registers : 
	               10 Bit    Registers := 1     
	                1 Bit    Registers := 1     
+---Muxes : 
	   2 Input      1 Bit        Muxes := 1     
Module oled_clock_divider 
Detailed RTL Component Info : 
+---Adders : 
	   2 Input      3 Bit       Adders := 1     
+---Registers : 
	                3 Bit    Registers := 1     
	                1 Bit    Registers := 1     
+---Muxes : 
	   2 Input      3 Bit        Muxes := 1     
	   2 Input      1 Bit        Muxes := 1     
Module sample_clock_divider 
Detailed RTL Component Info : 
+---Adders : 
	   2 Input     12 Bit       Adders := 1     
+---Registers : 
	               12 Bit    Registers := 1     
	                1 Bit    Registers := 1     
+---Muxes : 
	   2 Input     12 Bit        Muxes := 1     
	   2 Input      1 Bit        Muxes := 1     
---------------------------------------------------------------------------------
Finished RTL Hierarchical Component Statistics
---------------------------------------------------------------------------------
---------------------------------------------------------------------------------
Start Part Resource Summary
---------------------------------------------------------------------------------
Part Resources:
DSPs: 90 (col length:60)
BRAMs: 100 (col length: RAMB18 60 RAMB36 30)
---------------------------------------------------------------------------------
Finished Part Resource Summary
---------------------------------------------------------------------------------
---------------------------------------------------------------------------------
Start Cross Boundary and Area Optimization
---------------------------------------------------------------------------------
Warning: Parallel synthesis criteria is not met 
WARNING: [Synth 8-6014] Unused sequential element CLK10HZ/desired_CLK_reg was removed.  [C:/Users/Adam/Downloads/SoundDisplay.xpr/SoundDisplay/SoundDisplay.srcs/sources_1/new/clock_divider.v:32]
INFO: [Synth 8-5546] ROM "dead" won't be mapped to RAM because it is too sparse
INFO: [Synth 8-5545] ROM "CLK762HZ/desired_CLK0" won't be mapped to RAM because address size (32) is larger than maximum supported(25)
INFO: [Synth 8-5546] ROM "fsm_next_state0" won't be mapped to RAM because it is too sparse
INFO: [Synth 8-5546] ROM "fsm_next_state0" won't be mapped to RAM because it is too sparse
INFO: [Synth 8-5546] ROM "desired_CLK0" won't be mapped to RAM because it is too sparse
INFO: [Synth 8-5546] ROM "sample_clock/desired_CLK0" won't be mapped to RAM because it is too sparse
INFO: [Synth 8-5546] ROM "dead" won't be mapped to RAM because it is too sparse
INFO: [Synth 8-5545] ROM "CLK762HZ/desired_CLK0" won't be mapped to RAM because address size (32) is larger than maximum supported(25)
WARNING: [Synth 8-3331] design Top_Student has unconnected port JC[2]
WARNING: [Synth 8-3331] design Top_Student has unconnected port sw[10]
WARNING: [Synth 8-3331] design Top_Student has unconnected port sw[9]
WARNING: [Synth 8-3331] design Top_Student has unconnected port sw[8]
WARNING: [Synth 8-3331] design Top_Student has unconnected port sw[7]
WARNING: [Synth 8-3331] design Top_Student has unconnected port sw[6]
INFO: [Synth 8-3886] merging instance 'i_0/inner_laser_colour_reg[0]' (FDE) to 'i_0/inner_laser_colour_reg[2]'
INFO: [Synth 8-3886] merging instance 'i_0/mid_laser_colour_reg[1]' (FDE) to 'i_0/mid_laser_colour_reg[4]'
INFO: [Synth 8-3886] merging instance 'i_0/outer_laser_colour_reg[1]' (FDE) to 'i_0/mid_laser_colour_reg[4]'
INFO: [Synth 8-3886] merging instance 'i_0/mid_laser_colour_reg[2]' (FDE) to 'i_0/mid_laser_colour_reg[3]'
INFO: [Synth 8-3886] merging instance 'i_0/outer_laser_colour_reg[2]' (FDE) to 'i_0/outer_laser_colour_reg[4]'
INFO: [Synth 8-3886] merging instance 'i_0/inner_laser_colour_reg[3]' (FDE) to 'i_0/mid_laser_colour_reg[4]'
INFO: [Synth 8-3886] merging instance 'i_0/outer_laser_colour_reg[3]' (FDE) to 'i_0/outer_laser_colour_reg[4]'
INFO: [Synth 8-3886] merging instance 'i_0/inner_laser_colour_reg[4]' (FDE) to 'i_0/mid_laser_colour_reg[4]'
INFO: [Synth 8-3886] merging instance 'i_0/mid_laser_colour_reg[4]' (FDE) to 'i_0/mid_laser_colour_reg[5]'
INFO: [Synth 8-3886] merging instance 'i_0/inner_laser_colour_reg[5]' (FDE) to 'i_0/inner_laser_colour_reg[8]'
INFO: [Synth 8-3886] merging instance 'i_0/mid_laser_colour_reg[5]' (FDE) to 'i_0/mid_laser_colour_reg[7]'
INFO: [Synth 8-3886] merging instance 'i_0/mid_laser_colour_reg[6]' (FDE) to 'i_0/mid_laser_colour_reg[8]'
INFO: [Synth 8-3886] merging instance 'i_0/inner_laser_colour_reg[7]' (FDE) to 'i_0/mid_laser_colour_reg[7]'
INFO: [Synth 8-3886] merging instance 'i_0/mid_laser_colour_reg[7]' (FDE) to 'i_0/mid_laser_colour_reg[10]'
INFO: [Synth 8-3886] merging instance 'i_0/outer_laser_colour_reg[8]' (FDE) to 'i_0/outer_laser_colour_reg[9]'
INFO: [Synth 8-3886] merging instance 'i_0/inner_laser_colour_reg[9]' (FDE) to 'i_0/mid_laser_colour_reg[10]'
INFO: [Synth 8-3886] merging instance 'i_0/inner_laser_colour_reg[10]' (FDE) to 'i_0/mid_laser_colour_reg[10]'
INFO: [Synth 8-3886] merging instance 'i_0/mid_laser_colour_reg[10]' (FDE) to 'i_0/inner_laser_colour_reg[15]'
INFO: [Synth 8-3886] merging instance 'i_0/inner_laser_colour_reg[11]' (FDE) to 'i_0/inner_laser_colour_reg[15]'
INFO: [Synth 8-3886] merging instance 'i_0/mid_laser_colour_reg[11]' (FDE) to 'i_0/mid_laser_colour_reg[13]'
INFO: [Synth 8-3886] merging instance 'i_0/outer_laser_colour_reg[11]' (FDE) to 'i_0/outer_laser_colour_reg[13]'
INFO: [Synth 8-3886] merging instance 'i_0/inner_laser_colour_reg[12]' (FDE) to 'i_0/inner_laser_colour_reg[13]'
INFO: [Synth 8-3886] merging instance 'i_0/outer_laser_colour_reg[12]' (FDE) to 'i_0/outer_laser_colour_reg[15]'
INFO: [Synth 8-3886] merging instance 'i_0/mid_laser_colour_reg[13]' (FDE) to 'i_0/mid_laser_colour_reg[15]'
INFO: [Synth 8-3333] propagating constant 1 across sequential element (i_0/\inner_laser_colour_reg[15] )
INFO: [Synth 8-3886] merging instance 'i_1/AN_reg[2]' (FD) to 'i_1/AN_reg[3]'
INFO: [Synth 8-3886] merging instance 'i_0/mid_laser_colour_reg[0]' (FDE) to 'i_0/outer_laser_colour_reg[0]'
INFO: [Synth 8-3886] merging instance 'i_0/outer_laser_colour_reg[0]' (FDE) to 'i_0/inner_laser_colour_reg[6]'
INFO: [Synth 8-3886] merging instance 'i_0/inner_laser_colour_reg[2]' (FDE) to 'i_0/mid_laser_colour_reg[3]'
INFO: [Synth 8-3886] merging instance 'i_0/mid_laser_colour_reg[3]' (FDE) to 'i_0/outer_laser_colour_reg[4]'
INFO: [Synth 8-3886] merging instance 'i_0/inner_laser_colour_reg[8]' (FDE) to 'i_0/mid_laser_colour_reg[8]'
INFO: [Synth 8-3886] merging instance 'i_0/mid_laser_colour_reg[8]' (FDE) to 'i_0/outer_laser_colour_reg[10]'
INFO: [Synth 8-3886] merging instance 'i_0/mid_laser_colour_reg[9]' (FDE) to 'i_0/outer_laser_colour_reg[9]'
INFO: [Synth 8-3886] merging instance 'i_0/mid_laser_colour_reg[12]' (FDE) to 'i_0/outer_laser_colour_reg[13]'
INFO: [Synth 8-3886] merging instance 'i_0/inner_laser_colour_reg[13]' (FDE) to 'i_0/mid_laser_colour_reg[14]'
INFO: [Synth 8-3886] merging instance 'i_0/inner_laser_colour_reg[14]' (FDE) to 'i_0/mid_laser_colour_reg[15]'
INFO: [Synth 8-3886] merging instance 'i_0/mid_laser_colour_reg[14]' (FDE) to 'i_0/outer_laser_colour_reg[15]'
INFO: [Synth 8-3886] merging instance 'i_0/outer_laser_colour_reg[14]' (FDE) to 'i_0/mid_laser_colour_reg[15]'
---------------------------------------------------------------------------------
Finished Cross Boundary and Area Optimization : Time (s): cpu = 00:07:08 ; elapsed = 00:07:09 . Memory (MB): peak = 1160.656 ; gain = 903.715
---------------------------------------------------------------------------------

Report RTL Partitions: 
+------+-----------------+------------+----------+
|      |RTL Partition    |Replication |Instances |
+------+-----------------+------------+----------+
|1     |Top_Student__GB0 |           1|     20699|
|2     |Top_Student__GB1 |           1|      4198|
+------+-----------------+------------+----------+
---------------------------------------------------------------------------------
Start Applying XDC Timing Constraints
---------------------------------------------------------------------------------
---------------------------------------------------------------------------------
Finished Applying XDC Timing Constraints : Time (s): cpu = 00:07:15 ; elapsed = 00:07:18 . Memory (MB): peak = 1160.656 ; gain = 903.715
---------------------------------------------------------------------------------
---------------------------------------------------------------------------------
Start Timing Optimization
---------------------------------------------------------------------------------
---------------------------------------------------------------------------------
Finished Timing Optimization : Time (s): cpu = 00:07:16 ; elapsed = 00:07:19 . Memory (MB): peak = 1160.656 ; gain = 903.715
---------------------------------------------------------------------------------

Report RTL Partitions: 
+------+-----------------+------------+----------+
|      |RTL Partition    |Replication |Instances |
+------+-----------------+------------+----------+
|1     |Top_Student__GB0 |           1|     19918|
|2     |Top_Student__GB1 |           1|      4198|
+------+-----------------+------------+----------+
---------------------------------------------------------------------------------
Start Technology Mapping
---------------------------------------------------------------------------------
---------------------------------------------------------------------------------
Finished Technology Mapping : Time (s): cpu = 00:07:21 ; elapsed = 00:07:23 . Memory (MB): peak = 1160.656 ; gain = 903.715
---------------------------------------------------------------------------------

Report RTL Partitions: 
+-+--------------+------------+----------+
| |RTL Partition |Replication |Instances |
+-+--------------+------------+----------+
+-+--------------+------------+----------+
---------------------------------------------------------------------------------
Start IO Insertion
---------------------------------------------------------------------------------
---------------------------------------------------------------------------------
Start Flattening Before IO Insertion
---------------------------------------------------------------------------------
---------------------------------------------------------------------------------
Finished Flattening Before IO Insertion
---------------------------------------------------------------------------------
---------------------------------------------------------------------------------
Start Final Netlist Cleanup
---------------------------------------------------------------------------------
---------------------------------------------------------------------------------
Finished Final Netlist Cleanup
---------------------------------------------------------------------------------
---------------------------------------------------------------------------------
Finished IO Insertion : Time (s): cpu = 00:07:25 ; elapsed = 00:07:28 . Memory (MB): peak = 1160.656 ; gain = 903.715
---------------------------------------------------------------------------------

Report Check Netlist: 
+------+------------------+-------+---------+-------+------------------+
|      |Item              |Errors |Warnings |Status |Description       |
+------+------------------+-------+---------+-------+------------------+
|1     |multi_driven_nets |      0|        0|Passed |Multi driven nets |
+------+------------------+-------+---------+-------+------------------+
---------------------------------------------------------------------------------
Start Renaming Generated Instances
---------------------------------------------------------------------------------
---------------------------------------------------------------------------------
Finished Renaming Generated Instances : Time (s): cpu = 00:07:25 ; elapsed = 00:07:28 . Memory (MB): peak = 1160.656 ; gain = 903.715
---------------------------------------------------------------------------------

Report RTL Partitions: 
+-+--------------+------------+----------+
| |RTL Partition |Replication |Instances |
+-+--------------+------------+----------+
+-+--------------+------------+----------+
---------------------------------------------------------------------------------
Start Rebuilding User Hierarchy
---------------------------------------------------------------------------------
---------------------------------------------------------------------------------
Finished Rebuilding User Hierarchy : Time (s): cpu = 00:07:26 ; elapsed = 00:07:29 . Memory (MB): peak = 1160.656 ; gain = 903.715
---------------------------------------------------------------------------------
---------------------------------------------------------------------------------
Start Renaming Generated Ports
---------------------------------------------------------------------------------
---------------------------------------------------------------------------------
Finished Renaming Generated Ports : Time (s): cpu = 00:07:27 ; elapsed = 00:07:29 . Memory (MB): peak = 1160.656 ; gain = 903.715
---------------------------------------------------------------------------------
---------------------------------------------------------------------------------
Start Handling Custom Attributes
---------------------------------------------------------------------------------
---------------------------------------------------------------------------------
Finished Handling Custom Attributes : Time (s): cpu = 00:07:37 ; elapsed = 00:07:42 . Memory (MB): peak = 1160.656 ; gain = 903.715
---------------------------------------------------------------------------------
---------------------------------------------------------------------------------
Start Renaming Generated Nets
---------------------------------------------------------------------------------
---------------------------------------------------------------------------------
Finished Renaming Generated Nets : Time (s): cpu = 00:07:37 ; elapsed = 00:07:42 . Memory (MB): peak = 1160.656 ; gain = 903.715
---------------------------------------------------------------------------------
---------------------------------------------------------------------------------
Start Writing Synthesis Report
---------------------------------------------------------------------------------

Report BlackBoxes: 
+-+--------------+----------+
| |BlackBox name |Instances |
+-+--------------+----------+
+-+--------------+----------+

Report Cell Usage: 
+------+-------+------+
|      |Cell   |Count |
+------+-------+------+
|1     |BUFG   |     3|
|2     |CARRY4 |   132|
|3     |LUT1   |    17|
|4     |LUT2   |   306|
|5     |LUT3   |   619|
|6     |LUT4   |   869|
|7     |LUT5   |  2380|
|8     |LUT6   |  5636|
|9     |MUXF7  |   916|
|10    |MUXF8  |    45|
|11    |FDRE   |   349|
|12    |FDRE_1 |    31|
|13    |FDSE   |     8|
|14    |FDSE_1 |     1|
|15    |IBUF   |    14|
|16    |OBUF   |    37|
|17    |OBUFT  |     1|
+------+-------+------+

Report Instance Areas: 
+------+-----------------+-------------------------+------+
|      |Instance         |Module                   |Cells |
+------+-----------------+-------------------------+------+
|1     |top              |                         | 11364|
|2     |  CENTRE         |single_pulse_output      |     5|
|3     |    ff1          |my_dff                   |     3|
|4     |    ff2          |my_dff_0                 |     2|
|5     |  CLK50KHZ       |debouncing_clock_divider |    27|
|6     |  CLK762HZ       |clock_divider            |    53|
|7     |  display        |Oled_Display             | 10248|
|8     |  nolabel_line70 |Audio_Capture            |    79|
|9     |  oled_clock     |oled_clock_divider       |     9|
|10    |  sample_clock   |sample_clock_divider     |    22|
+------+-----------------+-------------------------+------+
---------------------------------------------------------------------------------
Finished Writing Synthesis Report : Time (s): cpu = 00:07:37 ; elapsed = 00:07:42 . Memory (MB): peak = 1160.656 ; gain = 903.715
---------------------------------------------------------------------------------
Synthesis finished with 0 errors, 0 critical warnings and 7 warnings.
Synthesis Optimization Runtime : Time (s): cpu = 00:07:19 ; elapsed = 00:07:34 . Memory (MB): peak = 1160.656 ; gain = 551.367
Synthesis Optimization Complete : Time (s): cpu = 00:07:37 ; elapsed = 00:07:42 . Memory (MB): peak = 1160.656 ; gain = 903.715
INFO: [Project 1-571] Translating synthesized netlist
INFO: [Netlist 29-17] Analyzing 1139 Unisim elements for replacement
INFO: [Netlist 29-28] Unisim Transformation completed in 0 CPU seconds
WARNING: [Netlist 29-101] Netlist 'Top_Student' is not ideal for floorplanning, since the cellview 'Oled_Display' contains a large number of primitives.  Please consider enabling hierarchy in synthesis if you want to do floorplanning.
INFO: [Project 1-570] Preparing netlist for logic optimization
INFO: [Opt 31-138] Pushed 0 inverter(s) to 0 load pin(s).
INFO: [Project 1-111] Unisim Transformation Summary:
  A total of 32 instances were transformed.
  FDRE_1 => FDRE (inverted pins: C): 31 instances
  FDSE_1 => FDSE (inverted pins: C): 1 instances

INFO: [Common 17-83] Releasing license: Synthesis
176 Infos, 17 Warnings, 0 Critical Warnings and 0 Errors encountered.
synth_design completed successfully
synth_design: Time (s): cpu = 00:07:40 ; elapsed = 00:07:47 . Memory (MB): peak = 1160.656 ; gain = 916.562
WARNING: [Constraints 18-5210] No constraint will be written out.
INFO: [Common 17-1381] The checkpoint 'C:/Users/Adam/Downloads/SoundDisplay.xpr/SoundDisplay/SoundDisplay.runs/synth_1/Top_Student.dcp' has been generated.
INFO: [runtcl-4] Executing : report_utilization -file Top_Student_utilization_synth.rpt -pb Top_Student_utilization_synth.pb
report_utilization: Time (s): cpu = 00:00:00 ; elapsed = 00:00:00.094 . Memory (MB): peak = 1160.656 ; gain = 0.000
INFO: [Common 17-206] Exiting Vivado at Wed Oct 28 15:01:20 2020...
