#-----------------------------------------------------------
# Vivado v2018.2 (64-bit)
# SW Build 2258646 on Thu Jun 14 20:03:12 MDT 2018
# IP Build 2256618 on Thu Jun 14 22:10:49 MDT 2018
# Start of session at: Mon Aug 29 23:12:03 2022
# Process ID: 6540
# Current directory: C:/Users/marku/Documents/EE2026/Lab/Post_Lab_4
# Command line: vivado.exe -gui_launcher_event rodinguilauncherevent7024 C:\Users\marku\Documents\EE2026\Lab\Post_Lab_4\Post_Lab_4.xpr
# Log file: C:/Users/marku/Documents/EE2026/Lab/Post_Lab_4/vivado.log
# Journal file: C:/Users/marku/Documents/EE2026/Lab/Post_Lab_4\vivado.jou
#-----------------------------------------------------------
start_gui
open_project C:/Users/marku/Documents/EE2026/Lab/Post_Lab_4/Post_Lab_4.xpr
Scanning sources...
Finished scanning sources
INFO: [IP_Flow 19-234] Refreshing IP repositories
INFO: [IP_Flow 19-1704] No user IP repositories specified
INFO: [IP_Flow 19-2313] Loaded Vivado IP repository 'C:/Xilinx/Vivado/2018.2/data/ip'.
open_project: Time (s): cpu = 00:00:31 ; elapsed = 00:00:13 . Memory (MB): peak = 787.031 ; gain = 61.836
update_compile_order -fileset sources_1
launch_simulation
INFO: [Vivado 12-5682] Launching behavioral simulation in 'C:/Users/marku/Documents/EE2026/Lab/Post_Lab_4/Post_Lab_4.sim/sim_1/behav/xsim'
INFO: [SIM-utils-51] Simulation object is 'sim_1'
INFO: [SIM-utils-54] Inspecting design source files for 'main' in fileset 'sim_1'...
INFO: [USF-XSim-97] Finding global include files...
INFO: [USF-XSim-98] Fetching design files from 'sim_1'...
INFO: [USF-XSim-2] XSim::Compile design
INFO: [USF-XSim-61] Executing 'COMPILE and ANALYZE' step in 'C:/Users/marku/Documents/EE2026/Lab/Post_Lab_4/Post_Lab_4.sim/sim_1/behav/xsim'
"xvlog --incr --relax -prj main_vlog.prj"
INFO: [VRFC 10-2263] Analyzing Verilog file "C:/Users/marku/Documents/EE2026/Lab/Post_Lab_4/Post_Lab_4.srcs/sources_1/new/main_clock_divider.v" into library xil_defaultlib
INFO: [VRFC 10-311] analyzing module main_clock_divider
INFO: [VRFC 10-2263] Analyzing Verilog file "C:/Users/marku/Documents/EE2026/Lab/Post_Lab_4/Post_Lab_4.srcs/sources_1/new/my_dff.v" into library xil_defaultlib
INFO: [VRFC 10-311] analyzing module my_dff
INFO: [VRFC 10-2263] Analyzing Verilog file "C:/Users/marku/Documents/EE2026/Lab/Post_Lab_4/Post_Lab_4.srcs/sources_1/new/single_pulse_output.v" into library xil_defaultlib
INFO: [VRFC 10-311] analyzing module single_pulse_output
INFO: [VRFC 10-2263] Analyzing Verilog file "C:/Users/marku/Documents/EE2026/Lab/Post_Lab_4/Post_Lab_4.srcs/sources_1/new/sub_task_A_clock.v" into library xil_defaultlib
INFO: [VRFC 10-311] analyzing module sub_task_A_clock
INFO: [VRFC 10-2263] Analyzing Verilog file "C:/Users/marku/Documents/EE2026/Lab/Post_Lab_4/Post_Lab_4.srcs/sources_1/new/sub_task_B_clock.v" into library xil_defaultlib
INFO: [VRFC 10-311] analyzing module sub_task_B_clock
INFO: [VRFC 10-2263] Analyzing Verilog file "C:/Users/marku/Documents/EE2026/Lab/Post_Lab_4/Post_Lab_4.srcs/sources_1/new/main.v" into library xil_defaultlib
INFO: [VRFC 10-311] analyzing module main
INFO: [VRFC 10-2263] Analyzing Verilog file "C:/Users/marku/Documents/EE2026/Lab/Post_Lab_4/Post_Lab_4.sim/sim_1/behav/xsim/glbl.v" into library xil_defaultlib
INFO: [VRFC 10-311] analyzing module glbl
INFO: [USF-XSim-69] 'compile' step finished in '3' seconds
INFO: [USF-XSim-3] XSim::Elaborate design
INFO: [USF-XSim-61] Executing 'ELABORATE' step in 'C:/Users/marku/Documents/EE2026/Lab/Post_Lab_4/Post_Lab_4.sim/sim_1/behav/xsim'
Vivado Simulator 2018.2
Copyright 1986-1999, 2001-2018 Xilinx, Inc. All Rights Reserved.
Running: C:/Xilinx/Vivado/2018.2/bin/unwrapped/win64.o/xelab.exe -wto 41c6b7a08a9e4c9980d0d4cbca8e4ce8 --incr --debug typical --relax --mt 2 -L xil_defaultlib -L unisims_ver -L unimacro_ver -L secureip --snapshot main_behav xil_defaultlib.main xil_defaultlib.glbl -log elaborate.log 
Using 2 slave threads.
Starting static elaboration
Completed static elaboration
Starting simulation data flow analysis
Completed simulation data flow analysis
Time Resolution for simulation is 1ps
Compiling module xil_defaultlib.main_clock_divider
Compiling module xil_defaultlib.sub_task_A_clock
Compiling module xil_defaultlib.sub_task_B_clock
Compiling module xil_defaultlib.my_dff
Compiling module xil_defaultlib.single_pulse_output
Compiling module xil_defaultlib.main
Compiling module xil_defaultlib.glbl
Built simulation snapshot main_behav

****** Webtalk v2018.2 (64-bit)
  **** SW Build 2258646 on Thu Jun 14 20:03:12 MDT 2018
  **** IP Build 2256618 on Thu Jun 14 22:10:49 MDT 2018
    ** Copyright 1986-2018 Xilinx, Inc. All Rights Reserved.

source C:/Users/marku/Documents/EE2026/Lab/Post_Lab_4/Post_Lab_4.sim/sim_1/behav/xsim/xsim.dir/main_behav/webtalk/xsim_webtalk.tcl -notrace
INFO: [Common 17-206] Exiting Webtalk at Mon Aug 29 23:38:36 2022...
run_program: Time (s): cpu = 00:00:01 ; elapsed = 00:00:09 . Memory (MB): peak = 825.844 ; gain = 0.000
INFO: [USF-XSim-69] 'elaborate' step finished in '9' seconds
INFO: [USF-XSim-4] XSim::Simulate design
INFO: [USF-XSim-61] Executing 'SIMULATE' step in 'C:/Users/marku/Documents/EE2026/Lab/Post_Lab_4/Post_Lab_4.sim/sim_1/behav/xsim'
INFO: [USF-XSim-98] *** Running xsim
   with args "main_behav -key {Behavioral:sim_1:Functional:main} -tclbatch {main.tcl} -log {simulate.log}"
INFO: [USF-XSim-8] Loading simulator feature
Vivado Simulator 2018.2
Time resolution is 1 ps
source main.tcl
# set curr_wave [current_wave_config]
# if { [string length $curr_wave] == 0 } {
#   if { [llength [get_objects]] > 0} {
#     add_wave /
#     set_property needs_save false [current_wave_config]
#   } else {
#      send_msg_id Add_Wave-1 WARNING "No top level signals found. Simulator will start without a wave window. If you want to open a wave window go to 'File->New Waveform Configuration' or type 'create_wave_config' in the TCL console."
#   }
# }
# run 1000ns
xsim: Time (s): cpu = 00:00:13 ; elapsed = 00:00:05 . Memory (MB): peak = 847.348 ; gain = 20.465
INFO: [USF-XSim-96] XSim completed. Design snapshot 'main_behav' loaded.
INFO: [USF-XSim-97] XSim simulation ran for 1000ns
launch_simulation: Time (s): cpu = 00:00:16 ; elapsed = 00:00:19 . Memory (MB): peak = 847.348 ; gain = 21.504
close_sim
INFO: [Simtcl 6-16] Simulation closed
close_sim: Time (s): cpu = 00:00:05 ; elapsed = 00:00:08 . Memory (MB): peak = 851.352 ; gain = 0.000
exit
INFO: [Common 17-206] Exiting Vivado at Mon Aug 29 23:43:12 2022...
