#-----------------------------------------------------------
# Vivado v2018.2 (64-bit)
# SW Build 2258646 on Thu Jun 14 20:03:12 MDT 2018
# IP Build 2256618 on Thu Jun 14 22:10:49 MDT 2018
# Start of session at: Wed Sep 30 10:30:42 2020
# Process ID: 13460
# Current directory: C:/Users/marku/Documents/EE2026/Lab/Post_Lab_3
# Command line: vivado.exe -gui_launcher_event rodinguilauncherevent9880 C:\Users\marku\Documents\EE2026\Lab\Post_Lab_3\Post_Lab_3.xpr
# Log file: C:/Users/marku/Documents/EE2026/Lab/Post_Lab_3/vivado.log
# Journal file: C:/Users/marku/Documents/EE2026/Lab/Post_Lab_3\vivado.jou
#-----------------------------------------------------------
start_gui
open_project C:/Users/marku/Documents/EE2026/Lab/Post_Lab_3/Post_Lab_3.xpr
Scanning sources...
Finished scanning sources
INFO: [IP_Flow 19-234] Refreshing IP repositories
INFO: [IP_Flow 19-1704] No user IP repositories specified
INFO: [IP_Flow 19-2313] Loaded Vivado IP repository 'C:/Users/marku/Documents/Vivado/Vivado/2018.2/data/ip'.
open_project: Time (s): cpu = 00:00:33 ; elapsed = 00:00:14 . Memory (MB): peak = 780.320 ; gain = 73.113
update_compile_order -fileset sources_1
exit
INFO: [Common 17-206] Exiting Vivado at Wed Sep 30 10:54:20 2020...
