#-----------------------------------------------------------
# Vivado v2018.2 (64-bit)
# SW Build 2258646 on Thu Jun 14 20:03:12 MDT 2018
# IP Build 2256618 on Thu Jun 14 22:10:49 MDT 2018
# Start of session at: Sun Oct 25 18:43:10 2020
# Process ID: 6656
# Current directory: C:/Users/marku/Documents/EE2026/SoundDisplay
# Command line: vivado.exe -gui_launcher_event rodinguilauncherevent10904 C:\Users\marku\Documents\EE2026\SoundDisplay\SoundDisplay.xpr
# Log file: C:/Users/marku/Documents/EE2026/SoundDisplay/vivado.log
# Journal file: C:/Users/marku/Documents/EE2026/SoundDisplay\vivado.jou
#-----------------------------------------------------------
start_gui
open_project C:/Users/marku/Documents/EE2026/SoundDisplay/SoundDisplay.xpr
Scanning sources...
Finished scanning sources
INFO: [IP_Flow 19-234] Refreshing IP repositories
INFO: [IP_Flow 19-1704] No user IP repositories specified
INFO: [IP_Flow 19-2313] Loaded Vivado IP repository 'C:/Users/marku/Documents/Vivado/Vivado/2018.2/data/ip'.
open_project: Time (s): cpu = 00:00:31 ; elapsed = 00:00:13 . Memory (MB): peak = 830.613 ; gain = 90.461
update_compile_order -fileset sources_1
reset_run synth_1
launch_runs impl_1 -to_step write_bitstream -jobs 4
[Sun Oct 25 18:51:57 2020] Launched synth_1...
Run output will be captured here: C:/Users/marku/Documents/EE2026/SoundDisplay/SoundDisplay.runs/synth_1/runme.log
[Sun Oct 25 18:51:58 2020] Launched impl_1...
Run output will be captured here: C:/Users/marku/Documents/EE2026/SoundDisplay/SoundDisplay.runs/impl_1/runme.log
reset_run synth_1
launch_runs impl_1 -to_step write_bitstream -jobs 4
[Sun Oct 25 20:40:58 2020] Launched synth_1...
Run output will be captured here: C:/Users/marku/Documents/EE2026/SoundDisplay/SoundDisplay.runs/synth_1/runme.log
[Sun Oct 25 20:40:58 2020] Launched impl_1...
Run output will be captured here: C:/Users/marku/Documents/EE2026/SoundDisplay/SoundDisplay.runs/impl_1/runme.log
exit
INFO: [Common 17-206] Exiting Vivado at Sun Oct 25 22:30:58 2020...
