#-----------------------------------------------------------
# Vivado v2018.2 (64-bit)
# SW Build 2258646 on Thu Jun 14 20:03:12 MDT 2018
# IP Build 2256618 on Thu Jun 14 22:10:49 MDT 2018
# Start of session at: Wed Oct 21 09:07:18 2020
# Process ID: 1120
# Current directory: C:/Users/marku/Documents/EE2026/SoundDisplay
# Command line: vivado.exe -gui_launcher_event rodinguilauncherevent10964 C:\Users\marku\Documents\EE2026\SoundDisplay\SoundDisplay.xpr
# Log file: C:/Users/marku/Documents/EE2026/SoundDisplay/vivado.log
# Journal file: C:/Users/marku/Documents/EE2026/SoundDisplay\vivado.jou
#-----------------------------------------------------------
start_gui
open_project C:/Users/marku/Documents/EE2026/SoundDisplay/SoundDisplay.xpr
INFO: [Project 1-313] Project file moved from 'C:/Users/Adam/Desktop/EE2026_final_project.xpr/SoundDisplay/.Xil/Vivado-37368-Adam-PC/PrjAr/_X_' since last save.
Scanning sources...
Finished scanning sources
INFO: [IP_Flow 19-234] Refreshing IP repositories
INFO: [IP_Flow 19-1704] No user IP repositories specified
INFO: [IP_Flow 19-2313] Loaded Vivado IP repository 'C:/Users/marku/Documents/Vivado/Vivado/2018.2/data/ip'.
open_project: Time (s): cpu = 00:00:34 ; elapsed = 00:00:19 . Memory (MB): peak = 848.699 ; gain = 101.453
update_compile_order -fileset sources_1
exit
INFO: [Common 17-206] Exiting Vivado at Wed Oct 21 10:25:07 2020...
