#-----------------------------------------------------------
# Vivado v2018.2 (64-bit)
# SW Build 2258646 on Thu Jun 14 20:03:12 MDT 2018
# IP Build 2256618 on Thu Jun 14 22:10:49 MDT 2018
# Start of session at: Mon Aug 29 21:15:02 2022
# Process ID: 3212
# Current directory: C:/Users/marku/Documents/EE2026/Lab/Lab 2
# Command line: vivado.exe -gui_launcher_event rodinguilauncherevent1780 C:\Users\marku\Documents\EE2026\Lab\Lab 2\Lab 2.xpr
# Log file: C:/Users/marku/Documents/EE2026/Lab/Lab 2/vivado.log
# Journal file: C:/Users/marku/Documents/EE2026/Lab/Lab 2\vivado.jou
#-----------------------------------------------------------
start_gui
open_project {C:/Users/marku/Documents/EE2026/Lab/Lab 2/Lab 2.xpr}
Scanning sources...
Finished scanning sources
INFO: [IP_Flow 19-234] Refreshing IP repositories
INFO: [IP_Flow 19-1704] No user IP repositories specified
INFO: [IP_Flow 19-2313] Loaded Vivado IP repository 'C:/Xilinx/Vivado/2018.2/data/ip'.
INFO: [Common 17-41] Interrupt caught. Command should exit soon.
INFO: [Common 17-344] 'open_project' was cancelled
exit
INFO: [Common 17-206] Exiting Vivado at Mon Aug 29 21:16:13 2022...
at Mon Aug 29 21:16:08 2022...
