#-----------------------------------------------------------
# Vivado v2018.2 (64-bit)
# SW Build 2258646 on Thu Jun 14 20:03:12 MDT 2018
# IP Build 2256618 on Thu Jun 14 22:10:49 MDT 2018
# Start of session at: Tue Sep 29 21:00:06 2020
# Process ID: 4904
# Current directory: C:/Users/marku/Documents/EE2026/Lab/Lab 2
# Command line: vivado.exe -gui_launcher_event rodinguilauncherevent7236 C:\Users\marku\Documents\EE2026\Lab\Lab 2\Lab 2.xpr
# Log file: C:/Users/marku/Documents/EE2026/Lab/Lab 2/vivado.log
# Journal file: C:/Users/marku/Documents/EE2026/Lab/Lab 2\vivado.jou
#-----------------------------------------------------------
start_gui
open_project {C:/Users/marku/Documents/EE2026/Lab/Lab 2/Lab 2.xpr}
Scanning sources...
Finished scanning sources
INFO: [IP_Flow 19-234] Refreshing IP repositories
INFO: [IP_Flow 19-1704] No user IP repositories specified
INFO: [IP_Flow 19-2313] Loaded Vivado IP repository 'C:/Users/marku/Documents/Vivado/Vivado/2018.2/data/ip'.
open_project: Time (s): cpu = 00:00:28 ; elapsed = 00:00:15 . Memory (MB): peak = 816.262 ; gain = 70.188
update_compile_order -fileset sources_1
exit
INFO: [Common 17-206] Exiting Vivado at Tue Sep 29 21:02:06 2020...
