#-----------------------------------------------------------
# Vivado v2018.2 (64-bit)
# SW Build 2258646 on Thu Jun 14 20:03:12 MDT 2018
# IP Build 2256618 on Thu Jun 14 22:10:49 MDT 2018
# Start of session at: Wed Sep  9 21:47:56 2020
# Process ID: 9512
# Current directory: C:/Users/marku/Documents/EE2026/Lab/Post Lab 1 Assignment
# Command line: vivado.exe -gui_launcher_event rodinguilauncherevent14908 C:\Users\marku\Documents\EE2026\Lab\Post Lab 1 Assignment\Post Lab 1 Assignment.xpr
# Log file: C:/Users/marku/Documents/EE2026/Lab/Post Lab 1 Assignment/vivado.log
# Journal file: C:/Users/marku/Documents/EE2026/Lab/Post Lab 1 Assignment\vivado.jou
#-----------------------------------------------------------
start_gui
open_project {C:/Users/marku/Documents/EE2026/Lab/Post Lab 1 Assignment/Post Lab 1 Assignment.xpr}
INFO: [Project 1-313] Project file moved from 'C:/Users/marku/Documents/EE2026/Post Lab 1 Assignment' since last save.
Scanning sources...
Finished scanning sources
INFO: [IP_Flow 19-234] Refreshing IP repositories
INFO: [IP_Flow 19-1704] No user IP repositories specified
INFO: [IP_Flow 19-2313] Loaded Vivado IP repository 'C:/Users/marku/Documents/Vivado/Vivado/2018.2/data/ip'.
open_project: Time (s): cpu = 00:00:31 ; elapsed = 00:00:17 . Memory (MB): peak = 823.910 ; gain = 82.684
update_compile_order -fileset sources_1
exit
INFO: [Common 17-206] Exiting Vivado at Wed Sep  9 22:54:26 2020...
