#-----------------------------------------------------------
# Vivado v2018.2 (64-bit)
# SW Build 2258646 on Thu Jun 14 20:03:12 MDT 2018
# IP Build 2256618 on Thu Jun 14 22:10:49 MDT 2018
# Start of session at: Fri Aug 28 12:58:47 2020
# Process ID: 16060
# Current directory: C:/Users/marku/Documents/EE2026/Post Lab 1 Assignment
# Command line: vivado.exe -gui_launcher_event rodinguilauncherevent14296 C:\Users\marku\Documents\EE2026\Post Lab 1 Assignment\Post Lab 1 Assignment.xpr
# Log file: C:/Users/marku/Documents/EE2026/Post Lab 1 Assignment/vivado.log
# Journal file: C:/Users/marku/Documents/EE2026/Post Lab 1 Assignment\vivado.jou
#-----------------------------------------------------------
start_gui
open_project {C:/Users/marku/Documents/EE2026/Post Lab 1 Assignment/Post Lab 1 Assignment.xpr}
Scanning sources...
Finished scanning sources
INFO: [IP_Flow 19-234] Refreshing IP repositories
INFO: [IP_Flow 19-1704] No user IP repositories specified
INFO: [IP_Flow 19-2313] Loaded Vivado IP repository 'C:/Users/marku/Documents/Vivado/Vivado/2018.2/data/ip'.
open_project: Time (s): cpu = 00:00:27 ; elapsed = 00:00:12 . Memory (MB): peak = 830.605 ; gain = 80.461
update_compile_order -fileset sources_1
exit
INFO: [Common 17-206] Exiting Vivado at Fri Aug 28 12:59:46 2020...
