#-----------------------------------------------------------
# Vivado v2018.2 (64-bit)
# SW Build 2258646 on Thu Jun 14 20:03:12 MDT 2018
# IP Build 2256618 on Thu Jun 14 22:10:49 MDT 2018
# Start of session at: Wed Sep 30 17:04:49 2020
# Process ID: 10104
# Current directory: C:/Users/marku/Documents/EE2026/Lab/lab3
# Command line: vivado.exe -gui_launcher_event rodinguilauncherevent1560 C:\Users\marku\Documents\EE2026\Lab\lab3\lab3.xpr
# Log file: C:/Users/marku/Documents/EE2026/Lab/lab3/vivado.log
# Journal file: C:/Users/marku/Documents/EE2026/Lab/lab3\vivado.jou
#-----------------------------------------------------------
start_gui
open_project C:/Users/marku/Documents/EE2026/Lab/lab3/lab3.xpr
Scanning sources...
Finished scanning sources
INFO: [IP_Flow 19-234] Refreshing IP repositories
INFO: [IP_Flow 19-1704] No user IP repositories specified
INFO: [IP_Flow 19-2313] Loaded Vivado IP repository 'C:/Users/marku/Documents/Vivado/Vivado/2018.2/data/ip'.
open_project: Time (s): cpu = 00:00:35 ; elapsed = 00:00:15 . Memory (MB): peak = 826.797 ; gain = 85.297
update_compile_order -fileset sources_1
exit
INFO: [Common 17-206] Exiting Vivado at Wed Sep 30 17:08:21 2020...
