#-----------------------------------------------------------
# Vivado v2018.2 (64-bit)
# SW Build 2258646 on Thu Jun 14 20:03:12 MDT 2018
# IP Build 2256618 on Thu Jun 14 22:10:49 MDT 2018
# Start of session at: Sat Sep 19 19:23:37 2020
# Process ID: 6476
# Current directory: C:/Users/marku/Documents/EE2026/Lab/lab3
# Command line: vivado.exe -gui_launcher_event rodinguilauncherevent9240 C:\Users\marku\Documents\EE2026\Lab\lab3\lab3.xpr
# Log file: C:/Users/marku/Documents/EE2026/Lab/lab3/vivado.log
# Journal file: C:/Users/marku/Documents/EE2026/Lab/lab3\vivado.jou
#-----------------------------------------------------------
start_gui
open_project C:/Users/marku/Documents/EE2026/Lab/lab3/lab3.xpr
Scanning sources...
Finished scanning sources
INFO: [IP_Flow 19-234] Refreshing IP repositories
INFO: [IP_Flow 19-1704] No user IP repositories specified
INFO: [IP_Flow 19-2313] Loaded Vivado IP repository 'C:/Users/marku/Documents/Vivado/Vivado/2018.2/data/ip'.
open_project: Time (s): cpu = 00:00:36 ; elapsed = 00:00:17 . Memory (MB): peak = 827.617 ; gain = 80.602
update_compile_order -fileset sources_1
open_hw
connect_hw_server
INFO: [Labtools 27-2285] Connecting to hw_server url TCP:localhost:3121
open_hw_target
INFO: [Labtoolstcl 44-466] Opening hw_target localhost:3121/xilinx_tcf/Digilent/210183AA0D1DA
open_hw_target: Time (s): cpu = 00:00:07 ; elapsed = 00:00:07 . Memory (MB): peak = 1536.832 ; gain = 648.105
set_property PROGRAM.FILE {C:/Users/marku/Documents/EE2026/Lab/lab3/lab3.runs/impl_1/alternating_blinking_led.bit} [get_hw_devices xc7a35t_0]
current_hw_device [get_hw_devices xc7a35t_0]
refresh_hw_device -update_hw_probes false [lindex [get_hw_devices xc7a35t_0] 0]
INFO: [Labtools 27-1434] Device xc7a35t (JTAG device index = 0) is programmed with a design that has no supported debug core(s) in it.
WARNING: [Labtools 27-3361] The debug hub core was not detected.
Resolution: 
1. Make sure the clock connected to the debug hub (dbg_hub) core is a free running clock and is active.
2. Make sure the BSCAN_SWITCH_USER_MASK device property in Vivado Hardware Manager reflects the user scan chain setting in the design and refresh the device.  To determine the user scan chain setting in the design, open the implemented design and use 'get_property C_USER_SCAN_CHAIN [get_debug_cores dbg_hub]'.
For more details on setting the scan chain property, consult the Vivado Debug and Programming User Guide (UG908).
close_hw
exit
INFO: [Common 17-206] Exiting Vivado at Sun Sep 20 04:10:43 2020...
