#-----------------------------------------------------------
# Vivado v2018.2 (64-bit)
# SW Build 2258646 on Thu Jun 14 20:03:12 MDT 2018
# IP Build 2256618 on Thu Jun 14 22:10:49 MDT 2018
# Start of session at: Tue Oct  6 16:31:25 2020
# Process ID: 1056
# Current directory: C:/Users/marku/Documents/EE2026/Lab/Post_Lab_3_Assignment
# Command line: vivado.exe -gui_launcher_event rodinguilauncherevent10260 C:\Users\marku\Documents\EE2026\Lab\Post_Lab_3_Assignment\Post_Lab_3_Assignment.xpr
# Log file: C:/Users/marku/Documents/EE2026/Lab/Post_Lab_3_Assignment/vivado.log
# Journal file: C:/Users/marku/Documents/EE2026/Lab/Post_Lab_3_Assignment\vivado.jou
#-----------------------------------------------------------
start_gui
open_project C:/Users/marku/Documents/EE2026/Lab/Post_Lab_3_Assignment/Post_Lab_3_Assignment.xpr
Scanning sources...
Finished scanning sources
INFO: [IP_Flow 19-234] Refreshing IP repositories
INFO: [IP_Flow 19-1704] No user IP repositories specified
INFO: [IP_Flow 19-2313] Loaded Vivado IP repository 'C:/Users/marku/Documents/Vivado/Vivado/2018.2/data/ip'.
open_project: Time (s): cpu = 00:00:32 ; elapsed = 00:00:14 . Memory (MB): peak = 788.055 ; gain = 93.023
update_compile_order -fileset sources_1
exit
INFO: [Common 17-206] Exiting Vivado at Tue Oct  6 16:32:48 2020...
