#-----------------------------------------------------------
# Vivado v2018.2 (64-bit)
# SW Build 2258646 on Thu Jun 14 20:03:12 MDT 2018
# IP Build 2256618 on Thu Jun 14 22:10:49 MDT 2018
# Start of session at: Mon Aug 29 21:13:06 2022
# Process ID: 7552
# Current directory: C:/Users/marku/Documents/EE2026/Lab/Lab 1
# Command line: vivado.exe -gui_launcher_event rodinguilauncherevent15248 C:\Users\marku\Documents\EE2026\Lab\Lab 1\Lab 1.xpr
# Log file: C:/Users/marku/Documents/EE2026/Lab/Lab 1/vivado.log
# Journal file: C:/Users/marku/Documents/EE2026/Lab/Lab 1\vivado.jou
#-----------------------------------------------------------
start_gui
open_project {C:/Users/marku/Documents/EE2026/Lab/Lab 1/Lab 1.xpr}
Scanning sources...
Finished scanning sources
INFO: [IP_Flow 19-234] Refreshing IP repositories
INFO: [IP_Flow 19-1704] No user IP repositories specified
INFO: [IP_Flow 19-2313] Loaded Vivado IP repository 'C:/Xilinx/Vivado/2018.2/data/ip'.
open_project: Time (s): cpu = 00:00:32 ; elapsed = 00:00:13 . Memory (MB): peak = 792.523 ; gain = 50.359
update_compile_order -fileset sources_1
exit
INFO: [Common 17-206] Exiting Vivado at Mon Aug 29 21:14:40 2022...
