#-----------------------------------------------------------
# Vivado v2018.2 (64-bit)
# SW Build 2258646 on Thu Jun 14 20:03:12 MDT 2018
# IP Build 2256618 on Thu Jun 14 22:10:49 MDT 2018
# Start of session at: Wed Aug 26 18:52:10 2020
# Process ID: 10740
# Current directory: C:/Users/marku/Documents/EE2026/Lab 1
# Command line: vivado.exe -gui_launcher_event rodinguilauncherevent12684 C:\Users\marku\Documents\EE2026\Lab 1\Lab 1.xpr
# Log file: C:/Users/marku/Documents/EE2026/Lab 1/vivado.log
# Journal file: C:/Users/marku/Documents/EE2026/Lab 1\vivado.jou
#----------------------------------------------------------ststart_guopopen_project {C:/Users/marku/Documents/EE2026/Lab 1/Lab 1.xprScScanning sources..FiFinished scanning sourceINFO: [IP_Flow 19-234] Refreshing IP repositories
INFO: [IP_Flow 19-1704] No user IP repositories specified
INFO: [IP_Flow 19-2313] Loaded Vivado IP repository 'C:/Users/marku/Documents/Vivado/Vivado/2018.2/data/ip'.
open_project: Time (s): cpu = 00:00:38 ; elapsed = 00:00:20 . Memory (MB): peak = 816.098 ; gain = 71.863
update_compile_order -fileset sources_1
launch_simulation
INFO: [Vivado 12-5682] Launching behavioral simulation in 'C:/Users/marku/Documents/EE2026/Lab 1/Lab 1.sim/sim_1/behav/xsim'
INFO: [SIM-utils-51] Simulation object is 'sim_1'
INFO: [SIM-utils-54] Inspecting design source files for 'my_control_module_simulation' in fileset 'sim_1'...
INFO: [USF-XSim-97] Finding global include files...
INFO: [USF-XSim-98] Fetching design files from 'sim_1'...
INFO: [USF-XSim-2] XSim::Compile design
INFO: [USF-XSim-61] Executing 'COMPILE and ANALYZE' step in 'C:/Users/marku/Documents/EE2026/Lab 1/Lab 1.sim/sim_1/behav/xsim'
"xvlog --incr --relax -prj my_control_module_simulation_vlog.prj"
INFO: [VRFC 10-2263] Analyzing Verilog file "C:/Users/marku/Documents/EE2026/Lab 1/Lab 1.srcs/sources_1/new/Lab 1.v" into library xil_defaultlib
INFO: [VRFC 10-311] analyzing module my_control_module
INFO: [VRFC 10-2263] Analyzing Verilog file "C:/Users/marku/Documents/EE2026/Lab 1/Lab 1.srcs/sim_1/new/test_simple_boolean.v" into library xil_defaultlib
INFO: [VRFC 10-311] analyzing module my_control_module_simulation
INFO: [USF-XSim-69] 'compile' step finished in '3' seconds
INFO: [USF-XSim-3] XSim::Elaborate design
INFO: [USF-XSim-61] Executing 'ELABORATE' step in 'C:/Users/marku/Documents/EE2026/Lab 1/Lab 1.sim/sim_1/behav/xsim'
Vivado Simulator 2018.2
Copyright 1986-1999, 2001-2018 Xilinx, Inc. All Rights Reserved.
Running: C:/Users/marku/Documents/Vivado/Vivado/2018.2/bin/unwrapped/win64.o/xelab.exe -wto a65204a887ad46f7ba1c02ed7de4d9ec --incr --debug typical --relax --mt 2 -L xil_defaultlib -L unisims_ver -L unimacro_ver -L secureip --snapshot my_control_module_simulation_behav xil_defaultlib.my_control_module_simulation xil_defaultlib.glbl -log elaborate.log 
Using 2 slave threads.
Starting static elaboration
Completed static elaboration
Starting simulation data flow analysis
Completed simulation data flow analysis
Time Resolution for simulation is 1ps
Compiling module xil_defaultlib.my_control_module
Compiling module xil_defaultlib.my_control_module_simulation
Compiling module xil_defaultlib.glbl
Built simulation snapshot my_control_module_simulation_behav
run_program: Time (s): cpu = 00:00:00 ; elapsed = 00:00:06 . Memory (MB): peak = 849.172 ; gain = 0.000
INFO: [USF-XSim-69] 'elaborate' step finished in '6' seconds
INFO: [USF-XSim-4] XSim::Simulate design
INFO: [USF-XSim-61] Executing 'SIMULATE' step in 'C:/Users/marku/Documents/EE2026/Lab 1/Lab 1.sim/sim_1/behav/xsim'
INFO: [USF-XSim-98] *** Running xsim
   with args "my_control_module_simulation_behav -key {Behavioral:sim_1:Functional:my_control_module_simulation} -tclbatch {my_control_module_simulation.tcl} -log {simulate.log}"
INFO: [USF-XSim-8] Loading simulator feature
Vivado Simulator 2018.2
Time resolution is 1 ps
source my_control_module_simulation.tcl
# set curr_wave [current_wave_config]
# if { [string length $curr_wave] == 0 } {
#   if { [llength [get_objects]] > 0} {
#     add_wave /
#     set_property needs_save false [current_wave_config]
#   } else {
#      send_msg_id Add_Wave-1 WARNING "No top level signals found. Simulator will start without a wave window. If you want to open a wave window go to 'File->New Waveform Configuration' or type 'create_wave_config' in the TCL console."
#   }
# }
# run 1000ns
INFO: [USF-XSim-96] XSim completed. Design snapshot 'my_control_module_simulation_behav' loaded.
INFO: [USF-XSim-97] XSim simulation ran for 1000ns
launch_simulation: Time (s): cpu = 00:00:16 ; elapsed = 00:00:16 . Memory (MB): peak = 868.297 ; gain = 19.125
close_sim
INFO: [Simtcl 6-16] Simulation closed
exit
INFO: [Common 17-206] Exiting Vivado at Wed Aug 26 21:04:27 2020...
