#-----------------------------------------------------------
# Vivado v2018.2 (64-bit)
# SW Build 2258646 on Thu Jun 14 20:03:12 MDT 2018
# IP Build 2256618 on Thu Jun 14 22:10:49 MDT 2018
# Start of session at: Wed Aug 26 21:23:42 2020
# Process ID: 14252
# Current directory: C:/Users/marku/Documents/EE2026/Lab 1
# Command line: vivado.exe -gui_launcher_event rodinguilauncherevent8204 C:\Users\marku\Documents\EE2026\Lab 1\Lab 1.xpr
# Log file: C:/Users/marku/Documents/EE2026/Lab 1/vivado.log
# Journal file: C:/Users/marku/Documents/EE2026/Lab 1\vivado.jou
#-----------------------------------------------------------
start_gui
open_project {C:/Users/marku/Documents/EE2026/Lab 1/Lab 1.xpr}
Scanning sources...
Finished scanning sources
INFO: [IP_Flow 19-234] Refreshing IP repositories
INFO: [IP_Flow 19-1704] No user IP repositories specified
INFO: [IP_Flow 19-2313] Loaded Vivado IP repository 'C:/Users/marku/Documents/Vivado/Vivado/2018.2/data/ip'.
open_project: Time (s): cpu = 00:00:34 ; elapsed = 00:00:15 . Memory (MB): peak = 826.770 ; gain = 87.445
update_compile_order -fileset sources_1
exit
INFO: [Common 17-206] Exiting Vivado at Wed Aug 26 22:57:42 2020...
